[1 - Suricata-Main] 2026-06-27 20:36:49 Notice: suricata: This is Suricata version 8.0.4 RELEASE running in SYSTEM mode
[1 - Suricata-Main] 2026-06-27 20:36:49 Info: cpu: CPUs/cores online: 4
[1 - Suricata-Main] 2026-06-27 20:36:49 Info: suricata: Setting engine mode to IDS mode by default
[1 - Suricata-Main] 2026-06-27 20:36:49 Info: exception-policy: master exception-policy set to: auto
[1 - Suricata-Main] 2026-06-27 20:36:49 Info: privs: dropped the caps for main thread
[1 - Suricata-Main] 2026-06-27 20:36:49 Info: conf: Running in live mode, activating unix socket
[1 - Suricata-Main] 2026-06-27 20:36:49 Info: logopenfile: fast output device (regular) initialized: fast.log
[1 - Suricata-Main] 2026-06-27 20:36:49 Info: logopenfile: eve-log output device (regular) initialized: eve.json
[1 - Suricata-Main] 2026-06-27 20:36:49 Info: logopenfile: stats output device (regular) initialized: stats.log
[1 - Suricata-Main] 2026-06-27 20:36:49 Warning: detect: No rule files match the pattern /var/lib/suricata/rules/suricata.rules
[1 - Suricata-Main] 2026-06-27 20:36:49 Warning: detect: 1 rule files specified, but no rules were loaded!
[1 - Suricata-Main] 2026-06-27 20:36:49 Info: threshold-config: Threshold config parsed: 0 rule(s) found
[1 - Suricata-Main] 2026-06-27 20:36:49 Info: detect: 0 signatures processed. 0 are IP-only rules, 0 are inspecting packet payload, 0 inspect application layer, 0 are decoder event only
[1 - Suricata-Main] 2026-06-27 20:36:49 Info: unix-manager: unix socket '/var/run/suricata/suricata-command.socket'
[1 - Suricata-Main] 2026-06-27 20:36:49 Info: runmodes: eth0: creating 4 threads
[21 - W#01-eth0] 2026-06-27 20:36:49 Info: ioctl: eth0: MTU 1500
[1 - Suricata-Main] 2026-06-27 20:36:49 Notice: threads: Threads created -> W: 4 FM: 1 FR: 1   Engine started.
[1 - Suricata-Main] 2026-06-27 20:42:16 Notice: detect: rule reload starting
[1 - Suricata-Main] 2026-06-27 20:42:16 Warning: detect: No rule files match the pattern /var/lib/suricata/rules/suricata.rules
[1 - Suricata-Main] 2026-06-27 20:42:16 Warning: detect: 1 rule files specified, but no rules were loaded!
[1 - Suricata-Main] 2026-06-27 20:42:16 Info: threshold-config: tenant id 0: Threshold config parsed: 0 rule(s) found
[1 - Suricata-Main] 2026-06-27 20:42:16 Info: detect: tenant id 0: 0 signatures processed. 0 are IP-only rules, 0 are inspecting packet payload, 0 inspect application layer, 0 are decoder event only
[1 - Suricata-Main] 2026-06-27 20:42:16 Notice: detect: rule reload complete
[1 - Suricata-Main] 2026-06-27 20:42:16 Notice: suricata: Signal Received.  Stopping engine.
[1 - Suricata-Main] 2026-06-27 20:42:16 Info: suricata: time elapsed 326.944s
[1 - Suricata-Main] 2026-06-27 20:42:17 Info: counters: Alerts: 0
[1 - Suricata-Main] 2026-06-27 20:42:17 Notice: device: eth0: packets: 7329, drops: 0 (0.00%), invalid chksum: 0
[1 - Suricata-Main] 2026-06-27 20:42:18 Notice: suricata: This is Suricata version 8.0.4 RELEASE running in SYSTEM mode
[1 - Suricata-Main] 2026-06-27 20:42:18 Info: cpu: CPUs/cores online: 4
[1 - Suricata-Main] 2026-06-27 20:42:18 Info: suricata: Setting engine mode to IDS mode by default
[1 - Suricata-Main] 2026-06-27 20:42:18 Info: exception-policy: master exception-policy set to: auto
[1 - Suricata-Main] 2026-06-27 20:42:18 Info: privs: dropped the caps for main thread
[1 - Suricata-Main] 2026-06-27 20:42:18 Info: conf: Running in live mode, activating unix socket
[1 - Suricata-Main] 2026-06-27 20:42:18 Info: logopenfile: fast output device (regular) initialized: fast.log
[1 - Suricata-Main] 2026-06-27 20:42:18 Info: logopenfile: eve-log output device (regular) initialized: eve.json
[1 - Suricata-Main] 2026-06-27 20:42:18 Info: logopenfile: stats output device (regular) initialized: stats.log
[1 - Suricata-Main] 2026-06-27 20:42:31 Info: detect: 1 rule files processed. 50881 rules successfully loaded, 0 rules failed, 0 rules skipped
[1 - Suricata-Main] 2026-06-27 20:42:31 Info: threshold-config: Threshold config parsed: 0 rule(s) found
[1 - Suricata-Main] 2026-06-27 20:42:31 Info: detect: 50886 signatures processed. 1281 are IP-only rules, 4505 are inspecting packet payload, 44864 inspect application layer, 110 are decoder event only
[1 - Suricata-Main] 2026-06-27 20:42:33 Info: unix-manager: unix socket '/var/run/suricata/suricata-command.socket'
[1 - Suricata-Main] 2026-06-27 20:42:33 Info: runmodes: eth0: creating 4 threads
[21 - W#01-eth0] 2026-06-27 20:42:33 Info: ioctl: eth0: MTU 1500
[1 - Suricata-Main] 2026-06-27 20:42:33 Notice: threads: Threads created -> W: 4 FM: 1 FR: 1   Engine started.
[1 - Suricata-Main] 2026-06-27 20:44:49 Notice: suricata: Signal Received.  Stopping engine.
[1 - Suricata-Main] 2026-06-27 20:44:49 Info: suricata: time elapsed 136.058s
[1 - Suricata-Main] 2026-06-27 20:44:50 Info: counters: Alerts: 0
[1 - Suricata-Main] 2026-06-27 20:44:51 Notice: device: eth0: packets: 44, drops: 0 (0.00%), invalid chksum: 0
[1 - Suricata-Main] 2026-06-27 20:44:51 Notice: suricata: This is Suricata version 8.0.4 RELEASE running in SYSTEM mode
[1 - Suricata-Main] 2026-06-27 20:44:51 Info: cpu: CPUs/cores online: 4
[1 - Suricata-Main] 2026-06-27 20:44:51 Info: suricata: Setting engine mode to IDS mode by default
[1 - Suricata-Main] 2026-06-27 20:44:51 Info: exception-policy: master exception-policy set to: auto
[1 - Suricata-Main] 2026-06-27 20:44:51 Info: privs: dropped the caps for main thread
[1 - Suricata-Main] 2026-06-27 20:44:51 Info: conf: Running in live mode, activating unix socket
[1 - Suricata-Main] 2026-06-27 20:44:51 Info: logopenfile: fast output device (regular) initialized: fast.log
[1 - Suricata-Main] 2026-06-27 20:44:51 Info: logopenfile: eve-log output device (regular) initialized: eve.json
[1 - Suricata-Main] 2026-06-27 20:44:51 Info: logopenfile: stats output device (regular) initialized: stats.log
[1 - Suricata-Main] 2026-06-27 20:44:51 Warning: detect: No rule files match the pattern /etc/suricata/rules/custom.rules
[1 - Suricata-Main] 2026-06-27 20:44:51 Warning: detect: 1 rule files specified, but no rules were loaded!
[1 - Suricata-Main] 2026-06-27 20:44:51 Info: threshold-config: Threshold config parsed: 0 rule(s) found
[1 - Suricata-Main] 2026-06-27 20:44:51 Info: detect: 0 signatures processed. 0 are IP-only rules, 0 are inspecting packet payload, 0 inspect application layer, 0 are decoder event only
[1 - Suricata-Main] 2026-06-27 20:44:51 Info: unix-manager: unix socket '/var/run/suricata/suricata-command.socket'
[1 - Suricata-Main] 2026-06-27 20:44:51 Info: runmodes: eth0: creating 4 threads
[21 - W#01-eth0] 2026-06-27 20:44:51 Info: ioctl: eth0: MTU 1500
[1 - Suricata-Main] 2026-06-27 20:44:52 Notice: threads: Threads created -> W: 4 FM: 1 FR: 1   Engine started.
[1 - Suricata-Main] 2026-06-27 20:46:04 Notice: suricata: Signal Received.  Stopping engine.
[1 - Suricata-Main] 2026-06-27 20:46:04 Info: suricata: time elapsed 73.052s
[1 - Suricata-Main] 2026-06-27 20:46:05 Info: counters: Alerts: 0
[1 - Suricata-Main] 2026-06-27 20:46:05 Notice: device: eth0: packets: 29, drops: 0 (0.00%), invalid chksum: 0
[1 - Suricata-Main] 2026-06-27 20:46:06 Notice: suricata: This is Suricata version 8.0.4 RELEASE running in SYSTEM mode
[1 - Suricata-Main] 2026-06-27 20:46:06 Info: cpu: CPUs/cores online: 4
[1 - Suricata-Main] 2026-06-27 20:46:06 Info: suricata: Setting engine mode to IDS mode by default
[1 - Suricata-Main] 2026-06-27 20:46:06 Info: exception-policy: master exception-policy set to: auto
[1 - Suricata-Main] 2026-06-27 20:46:06 Info: privs: dropped the caps for main thread
[1 - Suricata-Main] 2026-06-27 20:46:06 Info: conf: Running in live mode, activating unix socket
[1 - Suricata-Main] 2026-06-27 20:46:06 Info: logopenfile: fast output device (regular) initialized: fast.log
[1 - Suricata-Main] 2026-06-27 20:46:06 Info: logopenfile: eve-log output device (regular) initialized: eve.json
[1 - Suricata-Main] 2026-06-27 20:46:06 Info: logopenfile: stats output device (regular) initialized: stats.log
[1 - Suricata-Main] 2026-06-27 20:46:06 Warning: detect: No rule files match the pattern /etc/suricata/rules/custom.rules
[1 - Suricata-Main] 2026-06-27 20:46:06 Warning: detect: 1 rule files specified, but no rules were loaded!
[1 - Suricata-Main] 2026-06-27 20:46:06 Info: threshold-config: Threshold config parsed: 0 rule(s) found
[1 - Suricata-Main] 2026-06-27 20:46:06 Info: detect: 0 signatures processed. 0 are IP-only rules, 0 are inspecting packet payload, 0 inspect application layer, 0 are decoder event only
[1 - Suricata-Main] 2026-06-27 20:46:06 Info: unix-manager: unix socket '/var/run/suricata/suricata-command.socket'
[1 - Suricata-Main] 2026-06-27 20:46:06 Info: runmodes: eth0: creating 4 threads
[21 - W#01-eth0] 2026-06-27 20:46:06 Info: ioctl: eth0: MTU 1500
[1 - Suricata-Main] 2026-06-27 20:46:06 Notice: threads: Threads created -> W: 4 FM: 1 FR: 1   Engine started.
[1 - Suricata-Main] 2026-06-27 20:51:03 Notice: suricata: Signal Received.  Stopping engine.
[1 - Suricata-Main] 2026-06-27 20:51:03 Info: suricata: time elapsed 297.170s
[1 - Suricata-Main] 2026-06-27 20:51:04 Info: counters: Alerts: 0
[1 - Suricata-Main] 2026-06-27 20:51:04 Notice: device: eth0: packets: 653994, drops: 1692 (0.26%), invalid chksum: 0
[1 - Suricata-Main] 2026-06-27 20:51:05 Notice: suricata: This is Suricata version 8.0.4 RELEASE running in SYSTEM mode
[1 - Suricata-Main] 2026-06-27 20:51:05 Info: cpu: CPUs/cores online: 4
[1 - Suricata-Main] 2026-06-27 20:51:05 Info: suricata: Setting engine mode to IDS mode by default
[1 - Suricata-Main] 2026-06-27 20:51:05 Info: exception-policy: master exception-policy set to: auto
[1 - Suricata-Main] 2026-06-27 20:51:05 Info: privs: dropped the caps for main thread
[1 - Suricata-Main] 2026-06-27 20:51:05 Info: conf: Running in live mode, activating unix socket
[1 - Suricata-Main] 2026-06-27 20:51:05 Info: logopenfile: fast output device (regular) initialized: fast.log
[1 - Suricata-Main] 2026-06-27 20:51:05 Info: logopenfile: eve-log output device (regular) initialized: eve.json
[1 - Suricata-Main] 2026-06-27 20:51:05 Info: logopenfile: stats output device (regular) initialized: stats.log
[1 - Suricata-Main] 2026-06-27 20:51:05 Warning: detect: No rule files match the pattern /etc/suricata/rules/custom.rules
[1 - Suricata-Main] 2026-06-27 20:51:05 Warning: detect: 1 rule files specified, but no rules were loaded!
[1 - Suricata-Main] 2026-06-27 20:51:05 Info: threshold-config: Threshold config parsed: 0 rule(s) found
[1 - Suricata-Main] 2026-06-27 20:51:05 Info: detect: 0 signatures processed. 0 are IP-only rules, 0 are inspecting packet payload, 0 inspect application layer, 0 are decoder event only
[1 - Suricata-Main] 2026-06-27 20:51:05 Info: unix-manager: unix socket '/var/run/suricata/suricata-command.socket'
[1 - Suricata-Main] 2026-06-27 20:51:05 Info: runmodes: eth0: creating 4 threads
[26 - W#01-eth0] 2026-06-27 20:51:05 Info: ioctl: eth0: MTU 1500
[1 - Suricata-Main] 2026-06-27 20:51:05 Notice: threads: Threads created -> W: 4 FM: 1 FR: 1   Engine started.
[1 - Suricata-Main] 2026-06-27 20:52:10 Notice: suricata: Signal Received.  Stopping engine.
[1 - Suricata-Main] 2026-06-27 20:52:10 Info: suricata: time elapsed 65.080s
[1 - Suricata-Main] 2026-06-27 20:52:11 Info: counters: Alerts: 0
[1 - Suricata-Main] 2026-06-27 20:52:11 Notice: device: eth0: packets: 23, drops: 0 (0.00%), invalid chksum: 0
[1 - Suricata-Main] 2026-06-27 20:52:12 Notice: suricata: This is Suricata version 8.0.4 RELEASE running in SYSTEM mode
[1 - Suricata-Main] 2026-06-27 20:52:12 Info: cpu: CPUs/cores online: 4
[1 - Suricata-Main] 2026-06-27 20:52:12 Info: suricata: Setting engine mode to IDS mode by default
[1 - Suricata-Main] 2026-06-27 20:52:12 Info: exception-policy: master exception-policy set to: auto
[1 - Suricata-Main] 2026-06-27 20:52:12 Info: privs: dropped the caps for main thread
[1 - Suricata-Main] 2026-06-27 20:52:12 Info: conf: Running in live mode, activating unix socket
[1 - Suricata-Main] 2026-06-27 20:52:12 Info: logopenfile: fast output device (regular) initialized: fast.log
[1 - Suricata-Main] 2026-06-27 20:52:12 Info: logopenfile: eve-log output device (regular) initialized: eve.json
[1 - Suricata-Main] 2026-06-27 20:52:12 Info: logopenfile: stats output device (regular) initialized: stats.log
[1 - Suricata-Main] 2026-06-27 20:52:12 Info: detect: 1 rule files processed. 2 rules successfully loaded, 0 rules failed, 0 rules skipped
[1 - Suricata-Main] 2026-06-27 20:52:12 Info: threshold-config: Threshold config parsed: 0 rule(s) found
[1 - Suricata-Main] 2026-06-27 20:52:12 Info: detect: 2 signatures processed. 1 are IP-only rules, 0 are inspecting packet payload, 0 inspect application layer, 0 are decoder event only
[1 - Suricata-Main] 2026-06-27 20:52:12 Warning: detect: rule 1000001: SYN-only to port(s) 80:80 w/o direction specified, disabling for toclient direction
[1 - Suricata-Main] 2026-06-27 20:52:12 Info: unix-manager: unix socket '/var/run/suricata/suricata-command.socket'
[1 - Suricata-Main] 2026-06-27 20:52:12 Info: runmodes: eth0: creating 4 threads
[26 - W#01-eth0] 2026-06-27 20:52:12 Info: ioctl: eth0: MTU 1500
[1 - Suricata-Main] 2026-06-27 20:52:12 Notice: threads: Threads created -> W: 4 FM: 1 FR: 1   Engine started.
[1 - Suricata-Main] 2026-06-27 20:54:24 Notice: suricata: Signal Received.  Stopping engine.
[1 - Suricata-Main] 2026-06-27 20:54:24 Info: suricata: time elapsed 132.041s
[1 - Suricata-Main] 2026-06-27 20:54:25 Info: counters: Alerts: 0
[1 - Suricata-Main] 2026-06-27 20:54:25 Notice: device: eth0: packets: 45, drops: 0 (0.00%), invalid chksum: 0
[1 - Suricata-Main] 2026-06-27 20:54:26 Notice: suricata: This is Suricata version 8.0.4 RELEASE running in SYSTEM mode
[1 - Suricata-Main] 2026-06-27 20:54:26 Info: cpu: CPUs/cores online: 4
[1 - Suricata-Main] 2026-06-27 20:54:26 Info: suricata: Setting engine mode to IDS mode by default
[1 - Suricata-Main] 2026-06-27 20:54:26 Info: exception-policy: master exception-policy set to: auto
[1 - Suricata-Main] 2026-06-27 20:54:26 Info: privs: dropped the caps for main thread
[1 - Suricata-Main] 2026-06-27 20:54:26 Info: conf: Running in live mode, activating unix socket
[1 - Suricata-Main] 2026-06-27 20:54:26 Info: logopenfile: fast output device (regular) initialized: fast.log
[1 - Suricata-Main] 2026-06-27 20:54:26 Info: logopenfile: eve-log output device (regular) initialized: eve.json
[1 - Suricata-Main] 2026-06-27 20:54:26 Info: logopenfile: stats output device (regular) initialized: stats.log
[1 - Suricata-Main] 2026-06-27 20:54:26 Info: detect: 1 rule files processed. 2 rules successfully loaded, 0 rules failed, 0 rules skipped
[1 - Suricata-Main] 2026-06-27 20:54:26 Info: threshold-config: Threshold config parsed: 0 rule(s) found
[1 - Suricata-Main] 2026-06-27 20:54:26 Info: detect: 2 signatures processed. 1 are IP-only rules, 0 are inspecting packet payload, 0 inspect application layer, 0 are decoder event only
[1 - Suricata-Main] 2026-06-27 20:54:26 Warning: detect: rule 1000001: SYN-only to port(s) 80:80 w/o direction specified, disabling for toclient direction
[1 - Suricata-Main] 2026-06-27 20:54:26 Info: unix-manager: unix socket '/var/run/suricata/suricata-command.socket'
[1 - Suricata-Main] 2026-06-27 20:54:26 Info: runmodes: eth0: creating 4 threads
[21 - W#01-eth0] 2026-06-27 20:54:26 Info: ioctl: eth0: MTU 1500
[1 - Suricata-Main] 2026-06-27 20:54:26 Notice: threads: Threads created -> W: 4 FM: 1 FR: 1   Engine started.
[1 - Suricata-Main] 2026-06-27 21:02:18 Notice: suricata: Signal Received.  Stopping engine.
[1 - Suricata-Main] 2026-06-27 21:02:18 Info: suricata: time elapsed 471.904s
[1 - Suricata-Main] 2026-06-27 21:02:19 Info: counters: Alerts: 4
[1 - Suricata-Main] 2026-06-27 21:02:19 Notice: device: eth0: packets: 1046109, drops: 5614 (0.54%), invalid chksum: 0
[1 - Suricata-Main] 2026-06-28 10:12:48 Notice: suricata: This is Suricata version 8.0.4 RELEASE running in SYSTEM mode
[1 - Suricata-Main] 2026-06-28 10:12:48 Info: cpu: CPUs/cores online: 4
[1 - Suricata-Main] 2026-06-28 10:12:48 Info: suricata: Setting engine mode to IDS mode by default
[1 - Suricata-Main] 2026-06-28 10:12:48 Info: exception-policy: master exception-policy set to: auto
[1 - Suricata-Main] 2026-06-28 10:12:49 Info: privs: dropped the caps for main thread
[1 - Suricata-Main] 2026-06-28 10:12:49 Info: conf: Running in live mode, activating unix socket
[1 - Suricata-Main] 2026-06-28 10:12:49 Info: logopenfile: fast output device (regular) initialized: fast.log
[1 - Suricata-Main] 2026-06-28 10:12:49 Info: logopenfile: eve-log output device (regular) initialized: eve.json
[1 - Suricata-Main] 2026-06-28 10:12:49 Info: logopenfile: stats output device (regular) initialized: stats.log
[1 - Suricata-Main] 2026-06-28 10:12:49 Info: detect: 1 rule files processed. 2 rules successfully loaded, 0 rules failed, 0 rules skipped
[1 - Suricata-Main] 2026-06-28 10:12:49 Info: threshold-config: Threshold config parsed: 0 rule(s) found
[1 - Suricata-Main] 2026-06-28 10:12:49 Info: detect: 2 signatures processed. 1 are IP-only rules, 0 are inspecting packet payload, 0 inspect application layer, 0 are decoder event only
[1 - Suricata-Main] 2026-06-28 10:12:49 Warning: detect: rule 1000001: SYN-only to port(s) 80:80 w/o direction specified, disabling for toclient direction
[1 - Suricata-Main] 2026-06-28 10:12:49 Info: unix-manager: unix socket '/var/run/suricata/suricata-command.socket'
[1 - Suricata-Main] 2026-06-28 10:12:49 Info: runmodes: eth0: creating 4 threads
[21 - W#01-eth0] 2026-06-28 10:12:49 Info: ioctl: eth0: MTU 1500
[1 - Suricata-Main] 2026-06-28 10:12:49 Notice: threads: Threads created -> W: 4 FM: 1 FR: 1   Engine started.
[1 - Suricata-Main] 2026-06-28 11:59:20 Notice: suricata: Signal Received.  Stopping engine.
[1 - Suricata-Main] 2026-06-28 11:59:21 Info: suricata: time elapsed 6392.554s
[1 - Suricata-Main] 2026-06-28 11:59:22 Info: counters: Alerts: 4
[1 - Suricata-Main] 2026-06-28 11:59:22 Notice: device: eth0: packets: 1032068, drops: 70765 (6.86%), invalid chksum: 0
